\BOOKMARK [0][-]{chapter.1}{\376\377\0001\000\040\000R\000e\000g\000i\000s\000t\000e\000r\000\040\000h\000i\000e\000r\000a\000r\000c\000h\000i\000e\000\040\000t\000r\000i\000e\000d}{}% 1
\BOOKMARK [1][-]{section.1.1}{\376\377\0001\000.\0001\000\040\000H\000i\000e\000r\000a\000r\000c\000h\000i\000a\000\040\000t\000r\000i\000e\000d}{chapter.1}% 2
\BOOKMARK [0][-]{chapter.2}{\376\377\0002\000\040\000R\000e\000g\000i\000s\000t\000e\000r\000\040\000t\000r\000i\000e\000d}{}% 3
\BOOKMARK [1][-]{section.2.1}{\376\377\0002\000.\0001\000\040\000Z\000o\000z\000n\000a\000m\000\040\000t\000r\000i\000e\000d}{chapter.2}% 4
\BOOKMARK [0][-]{chapter.3}{\376\377\0003\000\040\000R\000e\000g\000i\000s\000t\000e\000r\000\040\000s\000\372\000b\000o\000r\000o\000v}{}% 5
\BOOKMARK [1][-]{section.3.1}{\376\377\0003\000.\0001\000\040\000Z\000o\000z\000n\000a\000m\000\040\000s\000\372\000b\000o\000r\000o\000v}{chapter.3}% 6
\BOOKMARK [0][-]{chapter.4}{\376\377\0004\000\040\000D\000o\000k\000u\000m\000e\000n\000t\000\341\000c\000i\000a\000\040\000t\000r\000i\000e\000d}{}% 7
\BOOKMARK [1][-]{section.4.1}{\376\377\0004\000.\0001\000\040\000D\000o\000k\000u\000m\000e\000n\000t\000\341\000c\000i\000a\000\040\000t\000r\000i\000e\000d\000y\000\040\000B\000o\000a\000r\000d\000C\000o\000n\000t\000r\000o\000l\000l\000e\000r}{chapter.4}% 8
\BOOKMARK [2][-]{subsection.4.1.1}{\376\377\0004\000.\0001\000.\0001\000\040\000D\000e\000t\000a\000i\000l\000n\000\375\000\040\000p\000o\000p\000i\000s}{section.4.1}% 9
\BOOKMARK [2][-]{subsection.4.1.2}{\376\377\0004\000.\0001\000.\0002\000\040\000D\000o\000k\000u\000m\000e\000n\000t\000\341\000c\000i\000a\000\040\000k\000\040\000m\000e\000t\000\363\000d\000a\000m}{section.4.1}% 10
\BOOKMARK [3][-]{subsubsection.4.1.2.1}{\376\377\0004\000.\0001\000.\0002\000.\0001\000\040\000A\000d\000d\000M\000o\000v\000e\000m\000e\000n\000t\000\050\000\051}{subsection.4.1.2}% 11
\BOOKMARK [3][-]{subsubsection.4.1.2.2}{\376\377\0004\000.\0001\000.\0002\000.\0002\000\040\000A\000d\000d\000P\000i\000e\000c\000e\000\050\000\051}{subsection.4.1.2}% 12
\BOOKMARK [3][-]{subsubsection.4.1.2.3}{\376\377\0004\000.\0001\000.\0002\000.\0003\000\040\000C\000l\000e\000a\000r\000G\000h\000o\000s\000t\000\050\000\051}{subsection.4.1.2}% 13
\BOOKMARK [3][-]{subsubsection.4.1.2.4}{\376\377\0004\000.\0001\000.\0002\000.\0004\000\040\000C\000l\000e\000a\000r\000H\000i\000g\000h\000l\000i\000g\000h\000t\000e\000d\000S\000q\000u\000a\000r\000e\000\050\000\051}{subsection.4.1.2}% 14
\BOOKMARK [3][-]{subsubsection.4.1.2.5}{\376\377\0004\000.\0001\000.\0002\000.\0005\000\040\000C\000l\000e\000a\000r\000M\000o\000v\000e\000m\000e\000n\000t\000s\000\050\000\051}{subsection.4.1.2}% 15
\BOOKMARK [3][-]{subsubsection.4.1.2.6}{\376\377\0004\000.\0001\000.\0002\000.\0006\000\040\000C\000l\000e\000a\000r\000P\000i\000e\000c\000e\000s\000\050\000\051}{subsection.4.1.2}% 16
\BOOKMARK [3][-]{subsubsection.4.1.2.7}{\376\377\0004\000.\0001\000.\0002\000.\0007\000\040\000C\000r\000e\000a\000t\000e\000I\000n\000i\000t\000i\000a\000l\000P\000o\000s\000i\000t\000i\000o\000n\000\050\000\051}{subsection.4.1.2}% 17
\BOOKMARK [3][-]{subsubsection.4.1.2.8}{\376\377\0004\000.\0001\000.\0002\000.\0008\000\040\000G\000e\000t\000P\000i\000e\000c\000e\000\050\000\051}{subsection.4.1.2}% 18
\BOOKMARK [3][-]{subsubsection.4.1.2.9}{\376\377\0004\000.\0001\000.\0002\000.\0009\000\040\000G\000e\000t\000P\000i\000e\000c\000e\000O\000b\000j\000e\000c\000t\000\050\000\051}{subsection.4.1.2}% 19
\BOOKMARK [3][-]{subsubsection.4.1.2.10}{\376\377\0004\000.\0001\000.\0002\000.\0001\0000\000\040\000I\000n\000i\000t\000B\000o\000a\000r\000d\000\050\000\051}{subsection.4.1.2}% 20
\BOOKMARK [3][-]{subsubsection.4.1.2.11}{\376\377\0004\000.\0001\000.\0002\000.\0001\0001\000\040\000M\000o\000v\000e\000G\000a\000m\000e\000O\000b\000j\000e\000c\000t\000\050\000\051}{subsection.4.1.2}% 21
\BOOKMARK [3][-]{subsubsection.4.1.2.12}{\376\377\0004\000.\0001\000.\0002\000.\0001\0002\000\040\000M\000o\000v\000e\000P\000i\000e\000c\000e\000\050\000\051}{subsection.4.1.2}% 22
\BOOKMARK [3][-]{subsubsection.4.1.2.13}{\376\377\0004\000.\0001\000.\0002\000.\0001\0003\000\040\000O\000n\000M\000o\000v\000e\000m\000e\000n\000t\000C\000l\000i\000c\000k\000e\000d\000\050\000\051}{subsection.4.1.2}% 23
\BOOKMARK [3][-]{subsubsection.4.1.2.14}{\376\377\0004\000.\0001\000.\0002\000.\0001\0004\000\040\000O\000n\000P\000i\000e\000c\000e\000C\000l\000i\000c\000k\000e\000d\000\050\000\051}{subsection.4.1.2}% 24
\BOOKMARK [3][-]{subsubsection.4.1.2.15}{\376\377\0004\000.\0001\000.\0002\000.\0001\0005\000\040\000P\000e\000r\000f\000o\000r\000m\000M\000o\000v\000e\000\050\000\051}{subsection.4.1.2}% 25
\BOOKMARK [3][-]{subsubsection.4.1.2.16}{\376\377\0004\000.\0001\000.\0002\000.\0001\0006\000\040\000P\000e\000r\000f\000o\000r\000m\000P\000r\000o\000m\000o\000t\000i\000o\000n\000\050\000\051}{subsection.4.1.2}% 26
\BOOKMARK [3][-]{subsubsection.4.1.2.17}{\376\377\0004\000.\0001\000.\0002\000.\0001\0007\000\040\000S\000e\000t\000B\000o\000a\000r\000d\000O\000r\000i\000e\000n\000t\000a\000t\000i\000o\000n\000\050\000\051}{subsection.4.1.2}% 27
\BOOKMARK [3][-]{subsubsection.4.1.2.18}{\376\377\0004\000.\0001\000.\0002\000.\0001\0008\000\040\000S\000e\000t\000C\000h\000e\000c\000k\000\050\000\051}{subsection.4.1.2}% 28
\BOOKMARK [3][-]{subsubsection.4.1.2.19}{\376\377\0004\000.\0001\000.\0002\000.\0001\0009\000\040\000S\000e\000t\000G\000h\000o\000s\000t\000\050\000\051}{subsection.4.1.2}% 29
\BOOKMARK [3][-]{subsubsection.4.1.2.20}{\376\377\0004\000.\0001\000.\0002\000.\0002\0000\000\040\000S\000e\000t\000H\000i\000g\000h\000l\000i\000g\000h\000t\000e\000d\000S\000q\000u\000a\000r\000e\000\050\000\051}{subsection.4.1.2}% 30
\BOOKMARK [3][-]{subsubsection.4.1.2.21}{\376\377\0004\000.\0001\000.\0002\000.\0002\0001\000\040\000S\000e\000t\000L\000e\000g\000a\000l\000M\000o\000v\000e\000s\000\050\000\051}{subsection.4.1.2}% 31
\BOOKMARK [3][-]{subsubsection.4.1.2.22}{\376\377\0004\000.\0001\000.\0002\000.\0002\0002\000\040\000S\000e\000t\000P\000l\000y\000\050\000\051}{subsection.4.1.2}% 32
\BOOKMARK [1][-]{section.4.2}{\376\377\0004\000.\0002\000\040\000D\000o\000k\000u\000m\000e\000n\000t\000\341\000c\000i\000a\000\040\000t\000r\000i\000e\000d\000y\000\040\000C\000h\000e\000s\000s}{chapter.4}% 33
\BOOKMARK [2][-]{subsection.4.2.1}{\376\377\0004\000.\0002\000.\0001\000\040\000D\000e\000t\000a\000i\000l\000n\000\375\000\040\000p\000o\000p\000i\000s}{section.4.2}% 34
\BOOKMARK [2][-]{subsection.4.2.2}{\376\377\0004\000.\0002\000.\0002\000\040\000D\000o\000k\000u\000m\000e\000n\000t\000\341\000c\000i\000a\000\040\000k\000\040\001\015\000l\000e\000n\000s\000k\000\375\000m\000\040\000e\000n\000u\000m\000e\000r\000\341\000c\000i\000\341\000m}{section.4.2}% 35
\BOOKMARK [3][-]{subsubsection.4.2.2.1}{\376\377\0004\000.\0002\000.\0002\000.\0001\000\040\000A\000I}{subsection.4.2.2}% 36
\BOOKMARK [3][-]{subsubsection.4.2.2.2}{\376\377\0004\000.\0002\000.\0002\000.\0002\000\040\000C\000o\000l\000o\000r}{subsection.4.2.2}% 37
\BOOKMARK [3][-]{subsubsection.4.2.2.3}{\376\377\0004\000.\0002\000.\0002\000.\0003\000\040\000E\000s\000s\000e\000n\000c\000e}{subsection.4.2.2}% 38
\BOOKMARK [3][-]{subsubsection.4.2.2.4}{\376\377\0004\000.\0002\000.\0002\000.\0004\000\040\000M\000o\000v\000e\000m\000e\000n\000t\000T\000y\000p\000e}{subsection.4.2.2}% 39
\BOOKMARK [3][-]{subsubsection.4.2.2.5}{\376\377\0004\000.\0002\000.\0002\000.\0005\000\040\000P\000i\000e\000c\000e\000T\000y\000p\000e}{subsection.4.2.2}% 40
\BOOKMARK [2][-]{subsection.4.2.3}{\376\377\0004\000.\0002\000.\0003\000\040\000D\000o\000k\000u\000m\000e\000n\000t\000\341\000c\000i\000a\000\040\000k\000\040\000m\000e\000t\000\363\000d\000a\000m}{section.4.2}% 41
\BOOKMARK [3][-]{subsubsection.4.2.3.1}{\376\377\0004\000.\0002\000.\0003\000.\0001\000\040\000G\000e\000t\000M\000o\000v\000e\000m\000e\000n\000t\000I\000m\000a\000g\000e\000\050\000\051}{subsection.4.2.3}% 42
\BOOKMARK [3][-]{subsubsection.4.2.3.2}{\376\377\0004\000.\0002\000.\0003\000.\0002\000\040\000G\000e\000t\000P\000i\000e\000c\000e\000I\000m\000a\000g\000e\000\050\000\051}{subsection.4.2.3}% 43
\BOOKMARK [1][-]{section.4.3}{\376\377\0004\000.\0003\000\040\000D\000o\000k\000u\000m\000e\000n\000t\000\341\000c\000i\000a\000\040\000t\000r\000i\000e\000d\000y\000\040\000C\000l\000i\000c\000k\000a\000b\000l\000e\000D\000r\000o\000p\000d\000o\000w\000n}{chapter.4}% 44
\BOOKMARK [2][-]{subsection.4.3.1}{\376\377\0004\000.\0003\000.\0001\000\040\000D\000e\000t\000a\000i\000l\000n\000\375\000\040\000p\000o\000p\000i\000s}{section.4.3}% 45
\BOOKMARK [2][-]{subsection.4.3.2}{\376\377\0004\000.\0003\000.\0002\000\040\000D\000o\000k\000u\000m\000e\000n\000t\000\341\000c\000i\000a\000\040\000k\000\040\000m\000e\000t\000\363\000d\000a\000m}{section.4.3}% 46
\BOOKMARK [3][-]{subsubsection.4.3.2.1}{\376\377\0004\000.\0003\000.\0002\000.\0001\000\040\000O\000n\000P\000o\000i\000n\000t\000e\000r\000C\000l\000i\000c\000k\000\050\000\051}{subsection.4.3.2}% 47
\BOOKMARK [1][-]{section.4.4}{\376\377\0004\000.\0004\000\040\000D\000o\000k\000u\000m\000e\000n\000t\000\341\000c\000i\000a\000\040\000t\000r\000i\000e\000d\000y\000\040\000C\000r\000e\000a\000t\000e\000G\000a\000m\000e\000O\000v\000e\000r\000l\000a\000y}{chapter.4}% 48
\BOOKMARK [2][-]{subsection.4.4.1}{\376\377\0004\000.\0004\000.\0001\000\040\000D\000e\000t\000a\000i\000l\000n\000\375\000\040\000p\000o\000p\000i\000s}{section.4.4}% 49
\BOOKMARK [2][-]{subsection.4.4.2}{\376\377\0004\000.\0004\000.\0002\000\040\000D\000o\000k\000u\000m\000e\000n\000t\000\341\000c\000i\000a\000\040\000k\000\040\000m\000e\000t\000\363\000d\000a\000m}{section.4.4}% 50
\BOOKMARK [3][-]{subsubsection.4.4.2.1}{\376\377\0004\000.\0004\000.\0002\000.\0001\000\040\000I\000n\000i\000t\000i\000a\000l\000i\000z\000e\000S\000e\000t\000t\000i\000n\000g\000s\000\050\000\051}{subsection.4.4.2}% 51
\BOOKMARK [3][-]{subsubsection.4.4.2.2}{\376\377\0004\000.\0004\000.\0002\000.\0002\000\040\000O\000n\000M\000a\000l\000a\000k\000h\000C\000o\000l\000o\000r\000S\000e\000t\000\050\000\051}{subsection.4.4.2}% 52
\BOOKMARK [3][-]{subsubsection.4.4.2.3}{\376\377\0004\000.\0004\000.\0002\000.\0003\000\040\000O\000n\000M\000a\000l\000a\000k\000h\000R\000a\000n\000d\000o\000m\000P\000i\000e\000c\000e\000s\000T\000o\000g\000g\000l\000e\000d\000\050\000\051}{subsection.4.4.2}% 53
\BOOKMARK [3][-]{subsubsection.4.4.2.4}{\376\377\0004\000.\0004\000.\0002\000.\0004\000\040\000O\000n\000P\000l\000a\000y\000C\000l\000i\000c\000k\000\050\000\051}{subsection.4.4.2}% 54
\BOOKMARK [3][-]{subsubsection.4.4.2.5}{\376\377\0004\000.\0004\000.\0002\000.\0005\000\040\000O\000n\000P\000l\000a\000y\000e\000r\000C\000o\000l\000o\000r\000S\000e\000t\000\050\000\051}{subsection.4.4.2}% 55
\BOOKMARK [3][-]{subsubsection.4.4.2.6}{\376\377\0004\000.\0004\000.\0002\000.\0006\000\040\000O\000n\000P\000l\000a\000y\000e\000r\000R\000a\000n\000d\000o\000m\000P\000i\000e\000c\000e\000s\000T\000o\000g\000g\000l\000e\000d\000\050\000\051}{subsection.4.4.2}% 56
\BOOKMARK [3][-]{subsubsection.4.4.2.7}{\376\377\0004\000.\0004\000.\0002\000.\0007\000\040\000O\000n\000R\000e\000t\000u\000r\000n\000C\000l\000i\000c\000k\000\050\000\051}{subsection.4.4.2}% 57
\BOOKMARK [3][-]{subsubsection.4.4.2.8}{\376\377\0004\000.\0004\000.\0002\000.\0008\000\040\000S\000e\000t\000E\000n\000g\000i\000n\000e\000C\000o\000n\000t\000r\000o\000l\000l\000e\000r\000\050\000\051}{subsection.4.4.2}% 58
\BOOKMARK [3][-]{subsubsection.4.4.2.9}{\376\377\0004\000.\0004\000.\0002\000.\0009\000\040\000S\000e\000t\000P\000i\000e\000c\000e\000I\000n\000f\000o\000\050\000\051}{subsection.4.4.2}% 59
\BOOKMARK [1][-]{section.4.5}{\376\377\0004\000.\0005\000\040\000D\000o\000k\000u\000m\000e\000n\000t\000\341\000c\000i\000a\000\040\000t\000r\000i\000e\000d\000y\000\040\000E\000n\000g\000i\000n\000e\000C\000o\000n\000t\000r\000o\000l\000l\000e\000r}{chapter.4}% 60
\BOOKMARK [2][-]{subsection.4.5.1}{\376\377\0004\000.\0005\000.\0001\000\040\000D\000e\000t\000a\000i\000l\000n\000\375\000\040\000p\000o\000p\000i\000s}{section.4.5}% 61
\BOOKMARK [2][-]{subsection.4.5.2}{\376\377\0004\000.\0005\000.\0002\000\040\000D\000o\000k\000u\000m\000e\000n\000t\000\341\000c\000i\000a\000\040\000k\000\040\000m\000e\000t\000\363\000d\000a\000m}{section.4.5}% 62
\BOOKMARK [3][-]{subsubsection.4.5.2.1}{\376\377\0004\000.\0005\000.\0002\000.\0001\000\040\000M\000o\000v\000e\000P\000i\000e\000c\000e\000\050\000\051}{subsection.4.5.2}% 63
\BOOKMARK [3][-]{subsubsection.4.5.2.2}{\376\377\0004\000.\0005\000.\0002\000.\0002\000\040\000O\000n\000A\000p\000p\000l\000i\000c\000a\000t\000i\000o\000n\000Q\000u\000i\000t\000\050\000\051}{subsection.4.5.2}% 64
\BOOKMARK [3][-]{subsubsection.4.5.2.3}{\376\377\0004\000.\0005\000.\0002\000.\0003\000\040\000P\000a\000r\000s\000e\000M\000o\000v\000e\000\050\000\051}{subsection.4.5.2}% 65
\BOOKMARK [3][-]{subsubsection.4.5.2.4}{\376\377\0004\000.\0005\000.\0002\000.\0004\000\040\000R\000e\000c\000e\000i\000v\000e\000E\000n\000g\000i\000n\000e\000R\000e\000s\000p\000o\000n\000s\000e\000s\000\050\000\051}{subsection.4.5.2}% 66
\BOOKMARK [3][-]{subsubsection.4.5.2.5}{\376\377\0004\000.\0005\000.\0002\000.\0005\000\040\000R\000e\000q\000u\000e\000s\000t\000A\000v\000a\000i\000l\000a\000b\000l\000e\000M\000o\000v\000e\000s\000\050\000\051}{subsection.4.5.2}% 67
\BOOKMARK [3][-]{subsubsection.4.5.2.6}{\376\377\0004\000.\0005\000.\0002\000.\0006\000\040\000R\000e\000q\000u\000e\000s\000t\000B\000e\000s\000t\000M\000o\000v\000e\000\050\000\051}{subsection.4.5.2}% 68
\BOOKMARK [3][-]{subsubsection.4.5.2.7}{\376\377\0004\000.\0005\000.\0002\000.\0007\000\040\000S\000e\000n\000d\000C\000o\000m\000m\000a\000n\000d\000\050\000\051}{subsection.4.5.2}% 69
\BOOKMARK [3][-]{subsubsection.4.5.2.8}{\376\377\0004\000.\0005\000.\0002\000.\0008\000\040\000S\000t\000a\000r\000t\000\050\000\051}{subsection.4.5.2}% 70
\BOOKMARK [3][-]{subsubsection.4.5.2.9}{\376\377\0004\000.\0005\000.\0002\000.\0009\000\040\000S\000t\000a\000r\000t\000E\000n\000g\000i\000n\000e\000\050\000\051}{subsection.4.5.2}% 71
\BOOKMARK [3][-]{subsubsection.4.5.2.10}{\376\377\0004\000.\0005\000.\0002\000.\0001\0000\000\040\000S\000t\000a\000r\000t\000G\000a\000m\000e\000\050\000\051}{subsection.4.5.2}% 72
\BOOKMARK [3][-]{subsubsection.4.5.2.11}{\376\377\0004\000.\0005\000.\0002\000.\0001\0001\000\040\000S\000t\000o\000p\000E\000n\000g\000i\000n\000e\000\050\000\051}{subsection.4.5.2}% 73
\BOOKMARK [3][-]{subsubsection.4.5.2.12}{\376\377\0004\000.\0005\000.\0002\000.\0001\0002\000\040\000U\000p\000d\000a\000t\000e\000\050\000\051}{subsection.4.5.2}% 74
\BOOKMARK [2][-]{subsection.4.5.3}{\376\377\0004\000.\0005\000.\0003\000\040\000D\000o\000k\000u\000m\000e\000n\000t\000\341\000c\000i\000a\000\040\000k\000\040\000d\000\341\000t\000o\000v\000\375\000m\000\040\001\015\000l\000e\000n\000o\000m}{section.4.5}% 75
\BOOKMARK [3][-]{subsubsection.4.5.3.1}{\376\377\0004\000.\0005\000.\0003\000.\0001\000\040\000e\000n\000g\000i\000n\000e\000P\000r\000o\000c\000e\000s\000s}{subsection.4.5.3}% 76
\BOOKMARK [1][-]{section.4.6}{\376\377\0004\000.\0006\000\040\000D\000o\000k\000u\000m\000e\000n\000t\000\341\000c\000i\000a\000\040\000t\000r\000i\000e\000d\000y\000\040\000G\000a\000m\000e\000C\000a\000n\000v\000a\000s}{chapter.4}% 77
\BOOKMARK [2][-]{subsection.4.6.1}{\376\377\0004\000.\0006\000.\0001\000\040\000D\000e\000t\000a\000i\000l\000n\000\375\000\040\000p\000o\000p\000i\000s}{section.4.6}% 78
\BOOKMARK [2][-]{subsection.4.6.2}{\376\377\0004\000.\0006\000.\0002\000\040\000D\000o\000k\000u\000m\000e\000n\000t\000\341\000c\000i\000a\000\040\000k\000\040\000m\000e\000t\000\363\000d\000a\000m}{section.4.6}% 79
\BOOKMARK [3][-]{subsubsection.4.6.2.1}{\376\377\0004\000.\0006\000.\0002\000.\0001\000\040\000A\000d\000d\000T\000u\000r\000n\000\050\000\051}{subsection.4.6.2}% 80
\BOOKMARK [3][-]{subsubsection.4.6.2.2}{\376\377\0004\000.\0006\000.\0002\000.\0002\000\040\000C\000l\000e\000a\000r\000T\000u\000r\000n\000s\000\050\000\051}{subsection.4.6.2}% 81
\BOOKMARK [3][-]{subsubsection.4.6.2.3}{\376\377\0004\000.\0006\000.\0002\000.\0003\000\040\000O\000n\000B\000e\000s\000t\000M\000o\000v\000e\000R\000e\000c\000e\000i\000v\000e\000d\000\050\000\051}{subsection.4.6.2}% 82
\BOOKMARK [3][-]{subsubsection.4.6.2.4}{\376\377\0004\000.\0006\000.\0002\000.\0004\000\040\000O\000n\000C\000h\000e\000c\000k\000R\000e\000c\000e\000i\000v\000e\000d\000\050\000\051}{subsection.4.6.2}% 83
\BOOKMARK [3][-]{subsubsection.4.6.2.5}{\376\377\0004\000.\0006\000.\0002\000.\0005\000\040\000O\000n\000E\000x\000p\000o\000r\000t\000C\000l\000i\000c\000k\000\050\000\051}{subsection.4.6.2}% 84
\BOOKMARK [3][-]{subsubsection.4.6.2.6}{\376\377\0004\000.\0006\000.\0002\000.\0006\000\040\000O\000n\000G\000a\000m\000e\000C\000r\000e\000a\000t\000e\000d\000\050\000\051}{subsection.4.6.2}% 85
\BOOKMARK [3][-]{subsubsection.4.6.2.7}{\376\377\0004\000.\0006\000.\0002\000.\0007\000\040\000O\000n\000H\000e\000l\000p\000B\000u\000t\000t\000o\000n\000C\000l\000i\000c\000k\000e\000d\000\050\000\051}{subsection.4.6.2}% 86
\BOOKMARK [3][-]{subsubsection.4.6.2.8}{\376\377\0004\000.\0006\000.\0002\000.\0008\000\040\000O\000n\000L\000e\000g\000a\000l\000M\000o\000v\000e\000s\000R\000e\000c\000e\000i\000v\000e\000d\000\050\000\051}{subsection.4.6.2}% 87
\BOOKMARK [3][-]{subsubsection.4.6.2.9}{\376\377\0004\000.\0006\000.\0002\000.\0009\000\040\000O\000n\000P\000l\000a\000y\000C\000l\000i\000c\000k\000\050\000\051}{subsection.4.6.2}% 88
\BOOKMARK [3][-]{subsubsection.4.6.2.10}{\376\377\0004\000.\0006\000.\0002\000.\0001\0000\000\040\000O\000n\000P\000l\000a\000y\000e\000r\000M\000o\000v\000e\000\050\000\051}{subsection.4.6.2}% 89
\BOOKMARK [3][-]{subsubsection.4.6.2.11}{\376\377\0004\000.\0006\000.\0002\000.\0001\0001\000\040\000O\000n\000P\000r\000o\000m\000o\000t\000i\000o\000n\000C\000h\000o\000s\000e\000n\000\050\000\051}{subsection.4.6.2}% 90
\BOOKMARK [3][-]{subsubsection.4.6.2.12}{\376\377\0004\000.\0006\000.\0002\000.\0001\0002\000\040\000O\000n\000P\000r\000o\000m\000o\000t\000i\000o\000n\000R\000e\000q\000u\000e\000s\000t\000e\000d\000\050\000\051}{subsection.4.6.2}% 91
\BOOKMARK [3][-]{subsubsection.4.6.2.13}{\376\377\0004\000.\0006\000.\0002\000.\0001\0003\000\040\000O\000n\000R\000e\000s\000u\000l\000t\000R\000e\000c\000e\000i\000v\000e\000d\000\050\000\051}{subsection.4.6.2}% 92
\BOOKMARK [3][-]{subsubsection.4.6.2.14}{\376\377\0004\000.\0006\000.\0002\000.\0001\0004\000\040\000O\000n\000R\000e\000t\000u\000r\000n\000C\000l\000i\000c\000k\000\050\000\051}{subsection.4.6.2}% 93
\BOOKMARK [3][-]{subsubsection.4.6.2.15}{\376\377\0004\000.\0006\000.\0002\000.\0001\0005\000\040\000S\000e\000t\000B\000l\000a\000c\000k\000P\000l\000y\000\050\000\051}{subsection.4.6.2}% 94
\BOOKMARK [3][-]{subsubsection.4.6.2.16}{\376\377\0004\000.\0006\000.\0002\000.\0001\0006\000\040\000S\000e\000t\000G\000a\000m\000e\000\050\000\051}{subsection.4.6.2}% 95
\BOOKMARK [3][-]{subsubsection.4.6.2.17}{\376\377\0004\000.\0006\000.\0002\000.\0001\0007\000\040\000S\000e\000t\000T\000u\000r\000n\000\050\000\051}{subsection.4.6.2}% 96
\BOOKMARK [1][-]{section.4.7}{\376\377\0004\000.\0007\000\040\000D\000o\000k\000u\000m\000e\000n\000t\000\341\000c\000i\000a\000\040\000t\000r\000i\000e\000d\000y\000\040\000C\000h\000e\000s\000s\000.\000G\000a\000m\000e\000S\000e\000t\000t\000i\000n\000g\000s}{chapter.4}% 97
\BOOKMARK [2][-]{subsection.4.7.1}{\376\377\0004\000.\0007\000.\0001\000\040\000D\000e\000t\000a\000i\000l\000n\000\375\000\040\000p\000o\000p\000i\000s}{section.4.7}% 98
\BOOKMARK [2][-]{subsection.4.7.2}{\376\377\0004\000.\0007\000.\0002\000\040\000D\000o\000k\000u\000m\000e\000n\000t\000\341\000c\000i\000a\000\040\000k\000o\000n\001\141\000t\000r\000u\000k\000t\000o\000r\000u\000\040\000a\000\040\000d\000e\001\141\000t\000r\000u\000k\000t\000o\000r\000u}{section.4.7}% 99
\BOOKMARK [3][-]{subsubsection.4.7.2.1}{\376\377\0004\000.\0007\000.\0002\000.\0001\000\040\000G\000a\000m\000e\000S\000e\000t\000t\000i\000n\000g\000s\000\050\000\051}{subsection.4.7.2}% 100
\BOOKMARK [2][-]{subsection.4.7.3}{\376\377\0004\000.\0007\000.\0003\000\040\000D\000o\000k\000u\000m\000e\000n\000t\000\341\000c\000i\000a\000\040\000k\000\040\000d\000\341\000t\000o\000v\000\375\000m\000\040\001\015\000l\000e\000n\000o\000m}{section.4.7}% 101
\BOOKMARK [3][-]{subsubsection.4.7.3.1}{\376\377\0004\000.\0007\000.\0003\000.\0001\000\040\000a\000i}{subsection.4.7.3}% 102
\BOOKMARK [3][-]{subsubsection.4.7.3.2}{\376\377\0004\000.\0007\000.\0003\000.\0002\000\040\000m\000a\000l\000a\000k\000h\000B\000i\000s\000h\000o\000p}{subsection.4.7.3}% 103
\BOOKMARK [3][-]{subsubsection.4.7.3.3}{\376\377\0004\000.\0007\000.\0003\000.\0003\000\040\000m\000a\000l\000a\000k\000h\000C\000o\000l\000o\000r}{subsection.4.7.3}% 104
\BOOKMARK [3][-]{subsubsection.4.7.3.4}{\376\377\0004\000.\0007\000.\0003\000.\0004\000\040\000m\000a\000l\000a\000k\000h\000K\000n\000i\000g\000h\000t}{subsection.4.7.3}% 105
\BOOKMARK [3][-]{subsubsection.4.7.3.5}{\376\377\0004\000.\0007\000.\0003\000.\0005\000\040\000m\000a\000l\000a\000k\000h\000P\000a\000w\000n}{subsection.4.7.3}% 106
\BOOKMARK [3][-]{subsubsection.4.7.3.6}{\376\377\0004\000.\0007\000.\0003\000.\0006\000\040\000m\000a\000l\000a\000k\000h\000R\000o\000o\000k}{subsection.4.7.3}% 107
\BOOKMARK [3][-]{subsubsection.4.7.3.7}{\376\377\0004\000.\0007\000.\0003\000.\0007\000\040\000p\000l\000a\000y\000e\000r\000B\000i\000s\000h\000o\000p}{subsection.4.7.3}% 108
\BOOKMARK [3][-]{subsubsection.4.7.3.8}{\376\377\0004\000.\0007\000.\0003\000.\0008\000\040\000p\000l\000a\000y\000e\000r\000C\000o\000l\000o\000r}{subsection.4.7.3}% 109
\BOOKMARK [3][-]{subsubsection.4.7.3.9}{\376\377\0004\000.\0007\000.\0003\000.\0009\000\040\000p\000l\000a\000y\000e\000r\000K\000n\000i\000g\000h\000t}{subsection.4.7.3}% 110
\BOOKMARK [3][-]{subsubsection.4.7.3.10}{\376\377\0004\000.\0007\000.\0003\000.\0001\0000\000\040\000p\000l\000a\000y\000e\000r\000P\000a\000w\000n}{subsection.4.7.3}% 111
\BOOKMARK [3][-]{subsubsection.4.7.3.11}{\376\377\0004\000.\0007\000.\0003\000.\0001\0001\000\040\000p\000l\000a\000y\000e\000r\000R\000o\000o\000k}{subsection.4.7.3}% 112
\BOOKMARK [1][-]{section.4.8}{\376\377\0004\000.\0008\000\040\000D\000o\000k\000u\000m\000e\000n\000t\000\341\000c\000i\000a\000\040\000t\000r\000i\000e\000d\000y\000\040\000G\000h\000o\000s\000t}{chapter.4}% 113
\BOOKMARK [2][-]{subsection.4.8.1}{\376\377\0004\000.\0008\000.\0001\000\040\000D\000e\000t\000a\000i\000l\000n\000\375\000\040\000p\000o\000p\000i\000s}{section.4.8}% 114
\BOOKMARK [2][-]{subsection.4.8.2}{\376\377\0004\000.\0008\000.\0002\000\040\000D\000o\000k\000u\000m\000e\000n\000t\000\341\000c\000i\000a\000\040\000k\000o\000n\001\141\000t\000r\000u\000k\000t\000o\000r\000u\000\040\000a\000\040\000d\000e\001\141\000t\000r\000u\000k\000t\000o\000r\000u}{section.4.8}% 115
\BOOKMARK [3][-]{subsubsection.4.8.2.1}{\376\377\0004\000.\0008\000.\0002\000.\0001\000\040\000G\000h\000o\000s\000t\000\050\000\051}{subsection.4.8.2}% 116
\BOOKMARK [2][-]{subsection.4.8.3}{\376\377\0004\000.\0008\000.\0003\000\040\000D\000o\000k\000u\000m\000e\000n\000t\000\341\000c\000i\000a\000\040\000k\000\040\000d\000\341\000t\000o\000v\000\375\000m\000\040\001\015\000l\000e\000n\000o\000m}{section.4.8}% 117
\BOOKMARK [3][-]{subsubsection.4.8.3.1}{\376\377\0004\000.\0008\000.\0003\000.\0001\000\040\000p\000a\000r\000e\000n\000t}{subsection.4.8.3}% 118
\BOOKMARK [3][-]{subsubsection.4.8.3.2}{\376\377\0004\000.\0008\000.\0003\000.\0002\000\040\000x}{subsection.4.8.3}% 119
\BOOKMARK [3][-]{subsubsection.4.8.3.3}{\376\377\0004\000.\0008\000.\0003\000.\0003\000\040\000y}{subsection.4.8.3}% 120
\BOOKMARK [1][-]{section.4.9}{\376\377\0004\000.\0009\000\040\000D\000o\000k\000u\000m\000e\000n\000t\000\341\000c\000i\000a\000\040\000t\000r\000i\000e\000d\000y\000\040\000G\000h\000o\000s\000t\000O\000b\000j\000e\000c\000t}{chapter.4}% 121
\BOOKMARK [2][-]{subsection.4.9.1}{\376\377\0004\000.\0009\000.\0001\000\040\000D\000e\000t\000a\000i\000l\000n\000\375\000\040\000p\000o\000p\000i\000s}{section.4.9}% 122
\BOOKMARK [2][-]{subsection.4.9.2}{\376\377\0004\000.\0009\000.\0002\000\040\000D\000o\000k\000u\000m\000e\000n\000t\000\341\000c\000i\000a\000\040\000k\000\040\000v\000l\000a\000s\000t\000n\000o\000s\000t\000i}{section.4.9}% 123
\BOOKMARK [3][-]{subsubsection.4.9.2.1}{\376\377\0004\000.\0009\000.\0002\000.\0001\000\040\000G\000h\000o\000s\000t}{subsection.4.9.2}% 124
\BOOKMARK [1][-]{section.4.10}{\376\377\0004\000.\0001\0000\000\040\000D\000o\000k\000u\000m\000e\000n\000t\000\341\000c\000i\000a\000\040\000t\000r\000i\000e\000d\000y\000\040\000M\000o\000b\000i\000l\000i\000t\000y}{chapter.4}% 125
\BOOKMARK [2][-]{subsection.4.10.1}{\376\377\0004\000.\0001\0000\000.\0001\000\040\000D\000e\000t\000a\000i\000l\000n\000\375\000\040\000p\000o\000p\000i\000s}{section.4.10}% 126
\BOOKMARK [2][-]{subsection.4.10.2}{\376\377\0004\000.\0001\0000\000.\0002\000\040\000D\000o\000k\000u\000m\000e\000n\000t\000\341\000c\000i\000a\000\040\000k\000o\000n\001\141\000t\000r\000u\000k\000t\000o\000r\000u\000\040\000a\000\040\000d\000e\001\141\000t\000r\000u\000k\000t\000o\000r\000u}{section.4.10}% 127
\BOOKMARK [3][-]{subsubsection.4.10.2.1}{\376\377\0004\000.\0001\0000\000.\0002\000.\0001\000\040\000M\000o\000b\000i\000l\000i\000t\000y\000\050\000\051}{subsection.4.10.2}% 128
\BOOKMARK [2][-]{subsection.4.10.3}{\376\377\0004\000.\0001\0000\000.\0003\000\040\000D\000o\000k\000u\000m\000e\000n\000t\000\341\000c\000i\000a\000\040\000k\000\040\000d\000\341\000t\000o\000v\000\375\000m\000\040\001\015\000l\000e\000n\000o\000m}{section.4.10}% 129
\BOOKMARK [3][-]{subsubsection.4.10.3.1}{\376\377\0004\000.\0001\0000\000.\0003\000.\0001\000\040\000d\000i\000r\000e\000c\000t\000i\000o\000n\000\137\000x}{subsection.4.10.3}% 130
\BOOKMARK [3][-]{subsubsection.4.10.3.2}{\376\377\0004\000.\0001\0000\000.\0003\000.\0002\000\040\000d\000i\000r\000e\000c\000t\000i\000o\000n\000\137\000y}{subsection.4.10.3}% 131
\BOOKMARK [3][-]{subsubsection.4.10.3.3}{\376\377\0004\000.\0001\0000\000.\0003\000.\0003\000\040\000l\000i\000m\000i\000t}{subsection.4.10.3}% 132
\BOOKMARK [3][-]{subsubsection.4.10.3.4}{\376\377\0004\000.\0001\0000\000.\0003\000.\0004\000\040\000s\000t\000a\000r\000t\000\137\000x}{subsection.4.10.3}% 133
\BOOKMARK [3][-]{subsubsection.4.10.3.5}{\376\377\0004\000.\0001\0000\000.\0003\000.\0005\000\040\000s\000t\000a\000r\000t\000\137\000y}{subsection.4.10.3}% 134
\BOOKMARK [3][-]{subsubsection.4.10.3.6}{\376\377\0004\000.\0001\0000\000.\0003\000.\0006\000\040\000t\000y\000p\000e}{subsection.4.10.3}% 135
\BOOKMARK [1][-]{section.4.11}{\376\377\0004\000.\0001\0001\000\040\000D\000o\000k\000u\000m\000e\000n\000t\000\341\000c\000i\000a\000\040\000t\000r\000i\000e\000d\000y\000\040\000M\000o\000v\000e}{chapter.4}% 136
\BOOKMARK [2][-]{subsection.4.11.1}{\376\377\0004\000.\0001\0001\000.\0001\000\040\000D\000e\000t\000a\000i\000l\000n\000\375\000\040\000p\000o\000p\000i\000s}{section.4.11}% 137
\BOOKMARK [2][-]{subsection.4.11.2}{\376\377\0004\000.\0001\0001\000.\0002\000\040\000D\000o\000k\000u\000m\000e\000n\000t\000\341\000c\000i\000a\000\040\000k\000o\000n\001\141\000t\000r\000u\000k\000t\000o\000r\000u\000\040\000a\000\040\000d\000e\001\141\000t\000r\000u\000k\000t\000o\000r\000u}{section.4.11}% 138
\BOOKMARK [3][-]{subsubsection.4.11.2.1}{\376\377\0004\000.\0001\0001\000.\0002\000.\0001\000\040\000M\000o\000v\000e\000\050\000\051\000\040\000[\0001\000/\0002\000]}{subsection.4.11.2}% 139
\BOOKMARK [3][-]{subsubsection.4.11.2.2}{\376\377\0004\000.\0001\0001\000.\0002\000.\0002\000\040\000M\000o\000v\000e\000\050\000\051\000\040\000[\0002\000/\0002\000]}{subsection.4.11.2}% 140
\BOOKMARK [2][-]{subsection.4.11.3}{\376\377\0004\000.\0001\0001\000.\0003\000\040\000D\000o\000k\000u\000m\000e\000n\000t\000\341\000c\000i\000a\000\040\000k\000\040\000m\000e\000t\000\363\000d\000a\000m}{section.4.11}% 141
\BOOKMARK [3][-]{subsubsection.4.11.3.1}{\376\377\0004\000.\0001\0001\000.\0003\000.\0001\000\040\000C\000l\000e\000a\000r\000H\000a\000s\000t\000y\000\050\000\051}{subsection.4.11.3}% 142
\BOOKMARK [3][-]{subsubsection.4.11.3.2}{\376\377\0004\000.\0001\0001\000.\0003\000.\0002\000\040\000C\000l\000e\000a\000r\000V\000i\000g\000i\000l\000a\000n\000t\000\050\000\051}{subsection.4.11.3}% 143
\BOOKMARK [3][-]{subsubsection.4.11.3.3}{\376\377\0004\000.\0001\0001\000.\0003\000.\0003\000\040\000S\000e\000t\000H\000a\000s\000t\000y\000\050\000\051}{subsection.4.11.3}% 144
\BOOKMARK [3][-]{subsubsection.4.11.3.4}{\376\377\0004\000.\0001\0001\000.\0003\000.\0004\000\040\000S\000e\000t\000V\000i\000g\000i\000l\000a\000n\000t\000\050\000\051}{subsection.4.11.3}% 145
\BOOKMARK [2][-]{subsection.4.11.4}{\376\377\0004\000.\0001\0001\000.\0004\000\040\000D\000o\000k\000u\000m\000e\000n\000t\000\341\000c\000i\000a\000\040\000k\000\040\000d\000\341\000t\000o\000v\000\375\000m\000\040\001\015\000l\000e\000n\000o\000m}{section.4.11}% 146
\BOOKMARK [3][-]{subsubsection.4.11.4.1}{\376\377\0004\000.\0001\0001\000.\0004\000.\0001\000\040\000c\000a\000s\000t\000l\000i\000n\000g}{subsection.4.11.4}% 147
\BOOKMARK [3][-]{subsubsection.4.11.4.2}{\376\377\0004\000.\0001\0001\000.\0004\000.\0002\000\040\000h\000a\000s\000t\000y}{subsection.4.11.4}% 148
\BOOKMARK [3][-]{subsubsection.4.11.4.3}{\376\377\0004\000.\0001\0001\000.\0004\000.\0003\000\040\000h\000a\000s\000t\000y\000X}{subsection.4.11.4}% 149
\BOOKMARK [3][-]{subsubsection.4.11.4.4}{\376\377\0004\000.\0001\0001\000.\0004\000.\0004\000\040\000h\000a\000s\000t\000y\000Y}{subsection.4.11.4}% 150
\BOOKMARK [3][-]{subsubsection.4.11.4.5}{\376\377\0004\000.\0001\0001\000.\0004\000.\0005\000\040\000v\000i\000g\000i\000l\000a\000n\000t}{subsection.4.11.4}% 151
\BOOKMARK [3][-]{subsubsection.4.11.4.6}{\376\377\0004\000.\0001\0001\000.\0004\000.\0006\000\040\000x\0001}{subsection.4.11.4}% 152
\BOOKMARK [3][-]{subsubsection.4.11.4.7}{\376\377\0004\000.\0001\0001\000.\0004\000.\0007\000\040\000x\0002}{subsection.4.11.4}% 153
\BOOKMARK [3][-]{subsubsection.4.11.4.8}{\376\377\0004\000.\0001\0001\000.\0004\000.\0008\000\040\000y\0001}{subsection.4.11.4}% 154
\BOOKMARK [3][-]{subsubsection.4.11.4.9}{\376\377\0004\000.\0001\0001\000.\0004\000.\0009\000\040\000y\0002}{subsection.4.11.4}% 155
\BOOKMARK [1][-]{section.4.12}{\376\377\0004\000.\0001\0002\000\040\000D\000o\000k\000u\000m\000e\000n\000t\000\341\000c\000i\000a\000\040\000t\000r\000i\000e\000d\000y\000\040\000M\000o\000v\000e\000m\000e\000n\000t}{chapter.4}% 156
\BOOKMARK [2][-]{subsection.4.12.1}{\376\377\0004\000.\0001\0002\000.\0001\000\040\000D\000e\000t\000a\000i\000l\000n\000\375\000\040\000p\000o\000p\000i\000s}{section.4.12}% 157
\BOOKMARK [2][-]{subsection.4.12.2}{\376\377\0004\000.\0001\0002\000.\0002\000\040\000D\000o\000k\000u\000m\000e\000n\000t\000\341\000c\000i\000a\000\040\000k\000o\000n\001\141\000t\000r\000u\000k\000t\000o\000r\000u\000\040\000a\000\040\000d\000e\001\141\000t\000r\000u\000k\000t\000o\000r\000u}{section.4.12}% 158
\BOOKMARK [3][-]{subsubsection.4.12.2.1}{\376\377\0004\000.\0001\0002\000.\0002\000.\0001\000\040\000M\000o\000v\000e\000m\000e\000n\000t\000\050\000\051}{subsection.4.12.2}% 159
\BOOKMARK [2][-]{subsection.4.12.3}{\376\377\0004\000.\0001\0002\000.\0003\000\040\000D\000o\000k\000u\000m\000e\000n\000t\000\341\000c\000i\000a\000\040\000k\000\040\000d\000\341\000t\000o\000v\000\375\000m\000\040\001\015\000l\000e\000n\000o\000m}{section.4.12}% 160
\BOOKMARK [3][-]{subsubsection.4.12.3.1}{\376\377\0004\000.\0001\0002\000.\0003\000.\0001\000\040\000m\000o\000v\000e}{subsection.4.12.3}% 161
\BOOKMARK [3][-]{subsubsection.4.12.3.2}{\376\377\0004\000.\0001\0002\000.\0003\000.\0002\000\040\000o\000w\000n\000e\000r}{subsection.4.12.3}% 162
\BOOKMARK [3][-]{subsubsection.4.12.3.3}{\376\377\0004\000.\0001\0002\000.\0003\000.\0003\000\040\000t\000y\000p\000e}{subsection.4.12.3}% 163
\BOOKMARK [1][-]{section.4.13}{\376\377\0004\000.\0001\0003\000\040\000D\000o\000k\000u\000m\000e\000n\000t\000\341\000c\000i\000a\000\040\000t\000r\000i\000e\000d\000y\000\040\000M\000o\000v\000e\000m\000e\000n\000t\000O\000b\000j\000e\000c\000t}{chapter.4}% 164
\BOOKMARK [2][-]{subsection.4.13.1}{\376\377\0004\000.\0001\0003\000.\0001\000\040\000D\000e\000t\000a\000i\000l\000n\000\375\000\040\000p\000o\000p\000i\000s}{section.4.13}% 165
\BOOKMARK [2][-]{subsection.4.13.2}{\376\377\0004\000.\0001\0003\000.\0002\000\040\000D\000o\000k\000u\000m\000e\000n\000t\000\341\000c\000i\000a\000\040\000k\000\040\000m\000e\000t\000\363\000d\000a\000m}{section.4.13}% 166
\BOOKMARK [3][-]{subsubsection.4.13.2.1}{\376\377\0004\000.\0001\0003\000.\0002\000.\0001\000\040\000O\000n\000P\000o\000i\000n\000t\000e\000r\000C\000l\000i\000c\000k\000\050\000\051}{subsection.4.13.2}% 167
\BOOKMARK [2][-]{subsection.4.13.3}{\376\377\0004\000.\0001\0003\000.\0003\000\040\000D\000o\000k\000u\000m\000e\000n\000t\000\341\000c\000i\000a\000\040\000k\000\040\000v\000l\000a\000s\000t\000n\000o\000s\000t\000i}{section.4.13}% 168
\BOOKMARK [3][-]{subsubsection.4.13.3.1}{\376\377\0004\000.\0001\0003\000.\0003\000.\0001\000\040\000M\000o\000v\000e\000m\000e\000n\000t}{subsection.4.13.3}% 169
\BOOKMARK [1][-]{section.4.14}{\376\377\0004\000.\0001\0004\000\040\000D\000o\000k\000u\000m\000e\000n\000t\000\341\000c\000i\000a\000\040\000t\000r\000i\000e\000d\000y\000\040\000P\000i\000e\000c\000e}{chapter.4}% 170
\BOOKMARK [2][-]{subsection.4.14.1}{\376\377\0004\000.\0001\0004\000.\0001\000\040\000D\000e\000t\000a\000i\000l\000n\000\375\000\040\000p\000o\000p\000i\000s}{section.4.14}% 171
\BOOKMARK [2][-]{subsection.4.14.2}{\376\377\0004\000.\0001\0004\000.\0002\000\040\000D\000o\000k\000u\000m\000e\000n\000t\000\341\000c\000i\000a\000\040\000k\000o\000n\001\141\000t\000r\000u\000k\000t\000o\000r\000u\000\040\000a\000\040\000d\000e\001\141\000t\000r\000u\000k\000t\000o\000r\000u}{section.4.14}% 172
\BOOKMARK [3][-]{subsubsection.4.14.2.1}{\376\377\0004\000.\0001\0004\000.\0002\000.\0001\000\040\000P\000i\000e\000c\000e\000\050\000\051}{subsection.4.14.2}% 173
\BOOKMARK [2][-]{subsection.4.14.3}{\376\377\0004\000.\0001\0004\000.\0003\000\040\000D\000o\000k\000u\000m\000e\000n\000t\000\341\000c\000i\000a\000\040\000k\000\040\000d\000\341\000t\000o\000v\000\375\000m\000\040\001\015\000l\000e\000n\000o\000m}{section.4.14}% 174
\BOOKMARK [3][-]{subsubsection.4.14.3.1}{\376\377\0004\000.\0001\0004\000.\0003\000.\0001\000\040\000a\000v\000a\000i\000l\000a\000b\000l\000e\000M\000o\000v\000e\000s}{subsection.4.14.3}% 175
\BOOKMARK [3][-]{subsubsection.4.14.3.2}{\376\377\0004\000.\0001\0004\000.\0003\000.\0002\000\040\000c\000o\000l\000o\000r}{subsection.4.14.3}% 176
\BOOKMARK [3][-]{subsubsection.4.14.3.3}{\376\377\0004\000.\0001\0004\000.\0003\000.\0003\000\040\000e\000s\000s\000e\000n\000c\000e}{subsection.4.14.3}% 177
\BOOKMARK [3][-]{subsubsection.4.14.3.4}{\376\377\0004\000.\0001\0004\000.\0003\000.\0004\000\040\000t\000y\000p\000e}{subsection.4.14.3}% 178
\BOOKMARK [3][-]{subsubsection.4.14.3.5}{\376\377\0004\000.\0001\0004\000.\0003\000.\0005\000\040\000x}{subsection.4.14.3}% 179
\BOOKMARK [3][-]{subsubsection.4.14.3.6}{\376\377\0004\000.\0001\0004\000.\0003\000.\0006\000\040\000y}{subsection.4.14.3}% 180
\BOOKMARK [1][-]{section.4.15}{\376\377\0004\000.\0001\0005\000\040\000D\000o\000k\000u\000m\000e\000n\000t\000\341\000c\000i\000a\000\040\000t\000r\000i\000e\000d\000y\000\040\000P\000i\000e\000c\000e\000I\000n\000f\000o\000C\000o\000n\000t\000r\000o\000l\000l\000e\000r}{chapter.4}% 181
\BOOKMARK [2][-]{subsection.4.15.1}{\376\377\0004\000.\0001\0005\000.\0001\000\040\000D\000e\000t\000a\000i\000l\000n\000\375\000\040\000p\000o\000p\000i\000s}{section.4.15}% 182
\BOOKMARK [2][-]{subsection.4.15.2}{\376\377\0004\000.\0001\0005\000.\0002\000\040\000D\000o\000k\000u\000m\000e\000n\000t\000\341\000c\000i\000a\000\040\000k\000\040\000m\000e\000t\000\363\000d\000a\000m}{section.4.15}% 183
\BOOKMARK [3][-]{subsubsection.4.15.2.1}{\376\377\0004\000.\0001\0005\000.\0002\000.\0001\000\040\000C\000r\000e\000a\000t\000e\000P\000i\000e\000c\000e\000\050\000\051}{subsection.4.15.2}% 184
\BOOKMARK [3][-]{subsubsection.4.15.2.2}{\376\377\0004\000.\0001\0005\000.\0002\000.\0002\000\040\000O\000n\000C\000l\000o\000s\000e\000B\000u\000t\000t\000o\000n\000C\000l\000i\000c\000k\000e\000d\000\050\000\051}{subsection.4.15.2}% 185
\BOOKMARK [3][-]{subsubsection.4.15.2.3}{\376\377\0004\000.\0001\0005\000.\0002\000.\0003\000\040\000U\000p\000d\000a\000t\000e\000D\000i\000s\000p\000l\000a\000y\000e\000d\000P\000i\000e\000c\000e\000\050\000\051}{subsection.4.15.2}% 186
\BOOKMARK [2][-]{subsection.4.15.3}{\376\377\0004\000.\0001\0005\000.\0003\000\040\000D\000o\000k\000u\000m\000e\000n\000t\000\341\000c\000i\000a\000\040\000k\000\040\000v\000l\000a\000s\000t\000n\000o\000s\000t\000i}{section.4.15}% 187
\BOOKMARK [3][-]{subsubsection.4.15.3.1}{\376\377\0004\000.\0001\0005\000.\0003\000.\0001\000\040\000M\000y\000P\000i\000e\000c\000e}{subsection.4.15.3}% 188
\BOOKMARK [1][-]{section.4.16}{\376\377\0004\000.\0001\0006\000\040\000D\000o\000k\000u\000m\000e\000n\000t\000\341\000c\000i\000a\000\040\000t\000r\000i\000e\000d\000y\000\040\000P\000i\000e\000c\000e\000O\000b\000j\000e\000c\000t}{chapter.4}% 189
\BOOKMARK [2][-]{subsection.4.16.1}{\376\377\0004\000.\0001\0006\000.\0001\000\040\000D\000e\000t\000a\000i\000l\000n\000\375\000\040\000p\000o\000p\000i\000s}{section.4.16}% 190
\BOOKMARK [2][-]{subsection.4.16.2}{\376\377\0004\000.\0001\0006\000.\0002\000\040\000D\000o\000k\000u\000m\000e\000n\000t\000\341\000c\000i\000a\000\040\000k\000\040\000m\000e\000t\000\363\000d\000a\000m}{section.4.16}% 191
\BOOKMARK [3][-]{subsubsection.4.16.2.1}{\376\377\0004\000.\0001\0006\000.\0002\000.\0001\000\040\000O\000n\000P\000o\000i\000n\000t\000e\000r\000C\000l\000i\000c\000k\000\050\000\051}{subsection.4.16.2}% 192
\BOOKMARK [2][-]{subsection.4.16.3}{\376\377\0004\000.\0001\0006\000.\0003\000\040\000D\000o\000k\000u\000m\000e\000n\000t\000\341\000c\000i\000a\000\040\000k\000\040\000d\000\341\000t\000o\000v\000\375\000m\000\040\001\015\000l\000e\000n\000o\000m}{section.4.16}% 193
\BOOKMARK [3][-]{subsubsection.4.16.3.1}{\376\377\0004\000.\0001\0006\000.\0003\000.\0001\000\040\000h\000i\000g\000h\000l\000i\000g\000h\000t\000e\000d}{subsection.4.16.3}% 194
\BOOKMARK [2][-]{subsection.4.16.4}{\376\377\0004\000.\0001\0006\000.\0004\000\040\000D\000o\000k\000u\000m\000e\000n\000t\000\341\000c\000i\000a\000\040\000k\000\040\000v\000l\000a\000s\000t\000n\000o\000s\000t\000i}{section.4.16}% 195
\BOOKMARK [3][-]{subsubsection.4.16.4.1}{\376\377\0004\000.\0001\0006\000.\0004\000.\0001\000\040\000H\000i\000g\000h\000l\000i\000g\000h\000t\000C\000o\000l\000o\000r}{subsection.4.16.4}% 196
\BOOKMARK [3][-]{subsubsection.4.16.4.2}{\376\377\0004\000.\0001\0006\000.\0004\000.\0002\000\040\000P\000i\000e\000c\000e}{subsection.4.16.4}% 197
\BOOKMARK [3][-]{subsubsection.4.16.4.3}{\376\377\0004\000.\0001\0006\000.\0004\000.\0003\000\040\000S\000e\000l\000e\000c\000t\000e\000d}{subsection.4.16.4}% 198
\BOOKMARK [1][-]{section.4.17}{\376\377\0004\000.\0001\0007\000\040\000D\000o\000k\000u\000m\000e\000n\000t\000\341\000c\000i\000a\000\040\000t\000r\000i\000e\000d\000y\000\040\000P\000l\000a\000y\000e\000r\000I\000n\000f\000o\000C\000o\000n\000t\000r\000o\000l\000l\000e\000r}{chapter.4}% 199
\BOOKMARK [2][-]{subsection.4.17.1}{\376\377\0004\000.\0001\0007\000.\0001\000\040\000D\000e\000t\000a\000i\000l\000n\000\375\000\040\000p\000o\000p\000i\000s}{section.4.17}% 200
\BOOKMARK [2][-]{subsection.4.17.2}{\376\377\0004\000.\0001\0007\000.\0002\000\040\000D\000o\000k\000u\000m\000e\000n\000t\000\341\000c\000i\000a\000\040\000k\000\040\000m\000e\000t\000\363\000d\000a\000m}{section.4.17}% 201
\BOOKMARK [3][-]{subsubsection.4.17.2.1}{\376\377\0004\000.\0001\0007\000.\0002\000.\0001\000\040\000O\000n\000H\000e\000l\000p\000B\000u\000t\000t\000o\000n\000C\000l\000i\000c\000k\000e\000d\000\050\000\051}{subsection.4.17.2}% 202
\BOOKMARK [3][-]{subsubsection.4.17.2.2}{\376\377\0004\000.\0001\0007\000.\0002\000.\0002\000\040\000S\000e\000t\000P\000i\000e\000c\000e\000s\000\050\000\051}{subsection.4.17.2}% 203
\BOOKMARK [1][-]{section.4.18}{\376\377\0004\000.\0001\0008\000\040\000D\000o\000k\000u\000m\000e\000n\000t\000\341\000c\000i\000a\000\040\000t\000r\000i\000e\000d\000y\000\040\000P\000r\000o\000m\000o\000t\000i\000o\000n\000C\000o\000n\000t\000r\000o\000l\000l\000e\000r}{chapter.4}% 204
\BOOKMARK [2][-]{subsection.4.18.1}{\376\377\0004\000.\0001\0008\000.\0001\000\040\000D\000e\000t\000a\000i\000l\000n\000\375\000\040\000p\000o\000p\000i\000s}{section.4.18}% 205
\BOOKMARK [2][-]{subsection.4.18.2}{\376\377\0004\000.\0001\0008\000.\0002\000\040\000D\000o\000k\000u\000m\000e\000n\000t\000\341\000c\000i\000a\000\040\000k\000\040\000m\000e\000t\000\363\000d\000a\000m}{section.4.18}% 206
\BOOKMARK [3][-]{subsubsection.4.18.2.1}{\376\377\0004\000.\0001\0008\000.\0002\000.\0001\000\040\000O\000n\000P\000r\000o\000m\000o\000t\000i\000o\000n\000B\000t\000n\000C\000l\000i\000c\000k\000e\000d\000\050\000\051}{subsection.4.18.2}% 207
\BOOKMARK [3][-]{subsubsection.4.18.2.2}{\376\377\0004\000.\0001\0008\000.\0002\000.\0002\000\040\000S\000e\000t\000C\000o\000l\000o\000r\000\050\000\051}{subsection.4.18.2}% 208
\BOOKMARK [3][-]{subsubsection.4.18.2.3}{\376\377\0004\000.\0001\0008\000.\0002\000.\0003\000\040\000S\000e\000t\000P\000i\000e\000c\000e\000s\000\050\000\051}{subsection.4.18.2}% 209
\BOOKMARK [1][-]{section.4.19}{\376\377\0004\000.\0001\0009\000\040\000D\000o\000k\000u\000m\000e\000n\000t\000\341\000c\000i\000a\000\040\000t\000r\000i\000e\000d\000y\000\040\000T\000i\000t\000l\000e\000C\000a\000n\000v\000a\000s}{chapter.4}% 210
\BOOKMARK [2][-]{subsection.4.19.1}{\376\377\0004\000.\0001\0009\000.\0001\000\040\000D\000e\000t\000a\000i\000l\000n\000\375\000\040\000p\000o\000p\000i\000s}{section.4.19}% 211
\BOOKMARK [2][-]{subsection.4.19.2}{\376\377\0004\000.\0001\0009\000.\0002\000\040\000D\000o\000k\000u\000m\000e\000n\000t\000\341\000c\000i\000a\000\040\000k\000\040\000m\000e\000t\000\363\000d\000a\000m}{section.4.19}% 212
\BOOKMARK [3][-]{subsubsection.4.19.2.1}{\376\377\0004\000.\0001\0009\000.\0002\000.\0001\000\040\000O\000n\000G\000a\000m\000e\000C\000r\000e\000a\000t\000e\000d\000\050\000\051}{subsection.4.19.2}% 213
\BOOKMARK [3][-]{subsubsection.4.19.2.2}{\376\377\0004\000.\0001\0009\000.\0002\000.\0002\000\040\000O\000n\000P\000l\000a\000y\000C\000l\000i\000c\000k\000\050\000\051}{subsection.4.19.2}% 214
\BOOKMARK [3][-]{subsubsection.4.19.2.3}{\376\377\0004\000.\0001\0009\000.\0002\000.\0003\000\040\000O\000n\000Q\000u\000i\000t\000C\000l\000i\000c\000k\000\050\000\051}{subsection.4.19.2}% 215
\BOOKMARK [1][-]{section.4.20}{\376\377\0004\000.\0002\0000\000\040\000D\000o\000k\000u\000m\000e\000n\000t\000\341\000c\000i\000a\000\040\000t\000r\000i\000e\000d\000y\000\040\000T\000u\000r\000n}{chapter.4}% 216
\BOOKMARK [2][-]{subsection.4.20.1}{\376\377\0004\000.\0002\0000\000.\0001\000\040\000D\000e\000t\000a\000i\000l\000n\000\375\000\040\000p\000o\000p\000i\000s}{section.4.20}% 217
\BOOKMARK [2][-]{subsection.4.20.2}{\376\377\0004\000.\0002\0000\000.\0002\000\040\000D\000o\000k\000u\000m\000e\000n\000t\000\341\000c\000i\000a\000\040\000k\000o\000n\001\141\000t\000r\000u\000k\000t\000o\000r\000u\000\040\000a\000\040\000d\000e\001\141\000t\000r\000u\000k\000t\000o\000r\000u}{section.4.20}% 218
\BOOKMARK [3][-]{subsubsection.4.20.2.1}{\376\377\0004\000.\0002\0000\000.\0002\000.\0001\000\040\000T\000u\000r\000n\000\050\000\051}{subsection.4.20.2}% 219
\BOOKMARK [2][-]{subsection.4.20.3}{\376\377\0004\000.\0002\0000\000.\0003\000\040\000D\000o\000k\000u\000m\000e\000n\000t\000\341\000c\000i\000a\000\040\000k\000\040\000m\000e\000t\000\363\000d\000a\000m}{section.4.20}% 220
\BOOKMARK [3][-]{subsubsection.4.20.3.1}{\376\377\0004\000.\0002\0000\000.\0003\000.\0001\000\040\000G\000e\000t\000B\000l\000a\000c\000k\000P\000l\000y\000\050\000\051}{subsection.4.20.3}% 221
\BOOKMARK [3][-]{subsubsection.4.20.3.2}{\376\377\0004\000.\0002\0000\000.\0003\000.\0002\000\040\000G\000e\000t\000P\000l\000y\000\050\000\051}{subsection.4.20.3}% 222
\BOOKMARK [3][-]{subsubsection.4.20.3.3}{\376\377\0004\000.\0002\0000\000.\0003\000.\0003\000\040\000G\000e\000t\000W\000h\000i\000t\000e\000P\000l\000y\000\050\000\051}{subsection.4.20.3}% 223
\BOOKMARK [3][-]{subsubsection.4.20.3.4}{\376\377\0004\000.\0002\0000\000.\0003\000.\0004\000\040\000S\000e\000t\000B\000l\000a\000c\000k\000P\000l\000y\000\050\000\051}{subsection.4.20.3}% 224
\BOOKMARK [3][-]{subsubsection.4.20.3.5}{\376\377\0004\000.\0002\0000\000.\0003\000.\0005\000\040\000S\000e\000t\000W\000h\000i\000t\000e\000P\000l\000y\000\050\000\051}{subsection.4.20.3}% 225
\BOOKMARK [2][-]{subsection.4.20.4}{\376\377\0004\000.\0002\0000\000.\0004\000\040\000D\000o\000k\000u\000m\000e\000n\000t\000\341\000c\000i\000a\000\040\000k\000\040\000d\000\341\000t\000o\000v\000\375\000m\000\040\001\015\000l\000e\000n\000o\000m}{section.4.20}% 226
\BOOKMARK [3][-]{subsubsection.4.20.4.1}{\376\377\0004\000.\0002\0000\000.\0004\000.\0001\000\040\000b\000l\000a\000c\000k\000M\000o\000v\000e}{subsection.4.20.4}% 227
\BOOKMARK [3][-]{subsubsection.4.20.4.2}{\376\377\0004\000.\0002\0000\000.\0004\000.\0002\000\040\000b\000l\000a\000c\000k\000M\000o\000v\000e\000m\000e\000n\000t\000T\000y\000p\000e}{subsection.4.20.4}% 228
\BOOKMARK [3][-]{subsubsection.4.20.4.3}{\376\377\0004\000.\0002\0000\000.\0004\000.\0003\000\040\000b\000l\000a\000c\000k\000P\000i\000e\000c\000e\000T\000y\000p\000e}{subsection.4.20.4}% 229
\BOOKMARK [3][-]{subsubsection.4.20.4.4}{\376\377\0004\000.\0002\0000\000.\0004\000.\0004\000\040\000b\000l\000a\000c\000k\000P\000r\000o\000m\000o\000t\000i\000o\000n}{subsection.4.20.4}% 230
\BOOKMARK [3][-]{subsubsection.4.20.4.5}{\376\377\0004\000.\0002\0000\000.\0004\000.\0005\000\040\000t\000u\000r\000n\000C\000o\000u\000n\000t\000e\000r}{subsection.4.20.4}% 231
\BOOKMARK [3][-]{subsubsection.4.20.4.6}{\376\377\0004\000.\0002\0000\000.\0004\000.\0006\000\040\000w\000h\000i\000t\000e\000M\000o\000v\000e}{subsection.4.20.4}% 232
\BOOKMARK [3][-]{subsubsection.4.20.4.7}{\376\377\0004\000.\0002\0000\000.\0004\000.\0007\000\040\000w\000h\000i\000t\000e\000M\000o\000v\000e\000m\000e\000n\000t\000T\000y\000p\000e}{subsection.4.20.4}% 233
\BOOKMARK [3][-]{subsubsection.4.20.4.8}{\376\377\0004\000.\0002\0000\000.\0004\000.\0008\000\040\000w\000h\000i\000t\000e\000P\000i\000e\000c\000e\000T\000y\000p\000e}{subsection.4.20.4}% 234
\BOOKMARK [3][-]{subsubsection.4.20.4.9}{\376\377\0004\000.\0002\0000\000.\0004\000.\0009\000\040\000w\000h\000i\000t\000e\000P\000r\000o\000m\000o\000t\000i\000o\000n}{subsection.4.20.4}% 235
\BOOKMARK [1][-]{section.4.21}{\376\377\0004\000.\0002\0001\000\040\000D\000o\000k\000u\000m\000e\000n\000t\000\341\000c\000i\000a\000\040\000t\000r\000i\000e\000d\000y\000\040\000T\000u\000r\000n\000O\000b\000j\000e\000c\000t}{chapter.4}% 236
\BOOKMARK [2][-]{subsection.4.21.1}{\376\377\0004\000.\0002\0001\000.\0001\000\040\000D\000e\000t\000a\000i\000l\000n\000\375\000\040\000p\000o\000p\000i\000s}{section.4.21}% 237
\BOOKMARK [2][-]{subsection.4.21.2}{\376\377\0004\000.\0002\0001\000.\0002\000\040\000D\000o\000k\000u\000m\000e\000n\000t\000\341\000c\000i\000a\000\040\000k\000\040\000m\000e\000t\000\363\000d\000a\000m}{section.4.21}% 238
\BOOKMARK [3][-]{subsubsection.4.21.2.1}{\376\377\0004\000.\0002\0001\000.\0002\000.\0001\000\040\000U\000p\000d\000a\000t\000e\000B\000l\000a\000c\000k\000P\000l\000y\000\050\000\051}{subsection.4.21.2}% 239
\BOOKMARK [3][-]{subsubsection.4.21.2.2}{\376\377\0004\000.\0002\0001\000.\0002\000.\0002\000\040\000U\000p\000d\000a\000t\000e\000D\000i\000s\000p\000l\000a\000y\000e\000d\000T\000e\000x\000t\000\050\000\051}{subsection.4.21.2}% 240
\BOOKMARK [3][-]{subsubsection.4.21.2.3}{\376\377\0004\000.\0002\0001\000.\0002\000.\0003\000\040\000U\000p\000d\000a\000t\000e\000W\000h\000i\000t\000e\000P\000l\000y\000\050\000\051}{subsection.4.21.2}% 241
\BOOKMARK [2][-]{subsection.4.21.3}{\376\377\0004\000.\0002\0001\000.\0003\000\040\000D\000o\000k\000u\000m\000e\000n\000t\000\341\000c\000i\000a\000\040\000k\000\040\000v\000l\000a\000s\000t\000n\000o\000s\000t\000i}{section.4.21}% 242
\BOOKMARK [3][-]{subsubsection.4.21.3.1}{\376\377\0004\000.\0002\0001\000.\0003\000.\0001\000\040\000M\000y\000T\000u\000r\000n}{subsection.4.21.3}% 243
\BOOKMARK [0][-]{chapter.5}{\376\377\0005\000\040\000D\000o\000k\000u\000m\000e\000n\000t\000\341\000c\000i\000a\000\040\000s\000\372\000b\000o\000r\000o\000v}{}% 244
\BOOKMARK [1][-]{section.5.1}{\376\377\0005\000.\0001\000\040\000D\000o\000k\000u\000m\000e\000n\000t\000\341\000c\000i\000a\000\040\000s\000\372\000b\000o\000r\000u\000\040\000C\000h\000e\000s\000s\000.\000c\000s}{chapter.5}% 245
\BOOKMARK [2][-]{subsection.5.1.1}{\376\377\0005\000.\0001\000.\0001\000\040\000D\000e\000t\000a\000i\000l\000n\000\375\000\040\000p\000o\000p\000i\000s}{section.5.1}% 246
\BOOKMARK [1][-]{section.5.2}{\376\377\0005\000.\0002\000\040\000D\000o\000k\000u\000m\000e\000n\000t\000\341\000c\000i\000a\000\040\000s\000\372\000b\000o\000r\000u\000\040\000G\000h\000o\000s\000t\000.\000c\000s}{chapter.5}% 247
\BOOKMARK [2][-]{subsection.5.2.1}{\376\377\0005\000.\0002\000.\0001\000\040\000D\000e\000t\000a\000i\000l\000n\000\375\000\040\000p\000o\000p\000i\000s}{section.5.2}% 248
\BOOKMARK [1][-]{section.5.3}{\376\377\0005\000.\0003\000\040\000D\000o\000k\000u\000m\000e\000n\000t\000\341\000c\000i\000a\000\040\000s\000\372\000b\000o\000r\000u\000\040\000M\000o\000b\000i\000l\000i\000t\000y\000.\000c\000s}{chapter.5}% 249
\BOOKMARK [2][-]{subsection.5.3.1}{\376\377\0005\000.\0003\000.\0001\000\040\000D\000e\000t\000a\000i\000l\000n\000\375\000\040\000p\000o\000p\000i\000s}{section.5.3}% 250
\BOOKMARK [1][-]{section.5.4}{\376\377\0005\000.\0004\000\040\000D\000o\000k\000u\000m\000e\000n\000t\000\341\000c\000i\000a\000\040\000s\000\372\000b\000o\000r\000u\000\040\000M\000o\000v\000e\000.\000c\000s}{chapter.5}% 251
\BOOKMARK [2][-]{subsection.5.4.1}{\376\377\0005\000.\0004\000.\0001\000\040\000D\000e\000t\000a\000i\000l\000n\000\375\000\040\000p\000o\000p\000i\000s}{section.5.4}% 252
\BOOKMARK [2][-]{subsection.5.4.2}{\376\377\0005\000.\0004\000.\0002\000\040\000D\000o\000k\000u\000m\000e\000n\000t\000\341\000c\000i\000a\000\040\000e\000n\000u\000m\000e\000r\000a\001\015\000n\000\375\000c\000h\000\040\000t\000y\000p\000o\000v}{section.5.4}% 253
\BOOKMARK [3][-]{subsubsection.5.4.2.1}{\376\377\0005\000.\0004\000.\0002\000.\0001\000\040\000C\000a\000s\000t\000l\000i\000n\000g}{subsection.5.4.2}% 254
\BOOKMARK [1][-]{section.5.5}{\376\377\0005\000.\0005\000\040\000D\000o\000k\000u\000m\000e\000n\000t\000\341\000c\000i\000a\000\040\000s\000\372\000b\000o\000r\000u\000\040\000M\000o\000v\000e\000m\000e\000n\000t\000.\000c\000s}{chapter.5}% 255
\BOOKMARK [2][-]{subsection.5.5.1}{\376\377\0005\000.\0005\000.\0001\000\040\000D\000e\000t\000a\000i\000l\000n\000\375\000\040\000p\000o\000p\000i\000s}{section.5.5}% 256
\BOOKMARK [1][-]{section.5.6}{\376\377\0005\000.\0006\000\040\000D\000o\000k\000u\000m\000e\000n\000t\000\341\000c\000i\000a\000\040\000s\000\372\000b\000o\000r\000u\000\040\000P\000i\000e\000c\000e\000.\000c\000s}{chapter.5}% 257
\BOOKMARK [2][-]{subsection.5.6.1}{\376\377\0005\000.\0006\000.\0001\000\040\000D\000e\000t\000a\000i\000l\000n\000\375\000\040\000p\000o\000p\000i\000s}{section.5.6}% 258
\BOOKMARK [1][-]{section.5.7}{\376\377\0005\000.\0007\000\040\000D\000o\000k\000u\000m\000e\000n\000t\000\341\000c\000i\000a\000\040\000s\000\372\000b\000o\000r\000u\000\040\000T\000u\000r\000n\000.\000c\000s}{chapter.5}% 259
\BOOKMARK [2][-]{subsection.5.7.1}{\376\377\0005\000.\0007\000.\0001\000\040\000D\000e\000t\000a\000i\000l\000n\000\375\000\040\000p\000o\000p\000i\000s}{section.5.7}% 260
\BOOKMARK [1][-]{section.5.8}{\376\377\0005\000.\0008\000\040\000D\000o\000k\000u\000m\000e\000n\000t\000\341\000c\000i\000a\000\040\000s\000\372\000b\000o\000r\000u\000\040\000E\000n\000g\000i\000n\000e\000C\000o\000n\000t\000r\000o\000l\000l\000e\000r\000.\000c\000s}{chapter.5}% 261
\BOOKMARK [2][-]{subsection.5.8.1}{\376\377\0005\000.\0008\000.\0001\000\040\000D\000e\000t\000a\000i\000l\000n\000\375\000\040\000p\000o\000p\000i\000s}{section.5.8}% 262
\BOOKMARK [1][-]{section.5.9}{\376\377\0005\000.\0009\000\040\000D\000o\000k\000u\000m\000e\000n\000t\000\341\000c\000i\000a\000\040\000s\000\372\000b\000o\000r\000u\000\040\000B\000o\000a\000r\000d\000C\000o\000n\000t\000r\000o\000l\000l\000e\000r\000.\000c\000s}{chapter.5}% 263
\BOOKMARK [2][-]{subsection.5.9.1}{\376\377\0005\000.\0009\000.\0001\000\040\000D\000e\000t\000a\000i\000l\000n\000\375\000\040\000p\000o\000p\000i\000s}{section.5.9}% 264
\BOOKMARK [1][-]{section.5.10}{\376\377\0005\000.\0001\0000\000\040\000D\000o\000k\000u\000m\000e\000n\000t\000\341\000c\000i\000a\000\040\000s\000\372\000b\000o\000r\000u\000\040\000G\000a\000m\000e\000C\000a\000n\000v\000a\000s\000.\000c\000s}{chapter.5}% 265
\BOOKMARK [2][-]{subsection.5.10.1}{\376\377\0005\000.\0001\0000\000.\0001\000\040\000D\000e\000t\000a\000i\000l\000n\000\375\000\040\000p\000o\000p\000i\000s}{section.5.10}% 266
\BOOKMARK [1][-]{section.5.11}{\376\377\0005\000.\0001\0001\000\040\000D\000o\000k\000u\000m\000e\000n\000t\000\341\000c\000i\000a\000\040\000s\000\372\000b\000o\000r\000u\000\040\000T\000i\000t\000l\000e\000C\000a\000n\000v\000a\000s\000.\000c\000s}{chapter.5}% 267
\BOOKMARK [2][-]{subsection.5.11.1}{\376\377\0005\000.\0001\0001\000.\0001\000\040\000D\000e\000t\000a\000i\000l\000n\000\375\000\040\000p\000o\000p\000i\000s}{section.5.11}% 268
\BOOKMARK [1][-]{section.5.12}{\376\377\0005\000.\0001\0002\000\040\000D\000o\000k\000u\000m\000e\000n\000t\000\341\000c\000i\000a\000\040\000s\000\372\000b\000o\000r\000u\000\040\000C\000l\000i\000c\000k\000a\000b\000l\000e\000D\000r\000o\000p\000d\000o\000w\000n\000.\000c\000s}{chapter.5}% 269
\BOOKMARK [2][-]{subsection.5.12.1}{\376\377\0005\000.\0001\0002\000.\0001\000\040\000D\000e\000t\000a\000i\000l\000n\000\375\000\040\000p\000o\000p\000i\000s}{section.5.12}% 270
\BOOKMARK [1][-]{section.5.13}{\376\377\0005\000.\0001\0003\000\040\000D\000o\000k\000u\000m\000e\000n\000t\000\341\000c\000i\000a\000\040\000s\000\372\000b\000o\000r\000u\000\040\000C\000r\000e\000a\000t\000e\000G\000a\000m\000e\000O\000v\000e\000r\000l\000a\000y\000.\000c\000s}{chapter.5}% 271
\BOOKMARK [2][-]{subsection.5.13.1}{\376\377\0005\000.\0001\0003\000.\0001\000\040\000D\000e\000t\000a\000i\000l\000n\000\375\000\040\000p\000o\000p\000i\000s}{section.5.13}% 272
\BOOKMARK [1][-]{section.5.14}{\376\377\0005\000.\0001\0004\000\040\000D\000o\000k\000u\000m\000e\000n\000t\000\341\000c\000i\000a\000\040\000s\000\372\000b\000o\000r\000u\000\040\000P\000l\000a\000y\000e\000r\000I\000n\000f\000o\000C\000o\000n\000t\000r\000o\000l\000l\000e\000r\000.\000c\000s}{chapter.5}% 273
\BOOKMARK [2][-]{subsection.5.14.1}{\376\377\0005\000.\0001\0004\000.\0001\000\040\000D\000e\000t\000a\000i\000l\000n\000\375\000\040\000p\000o\000p\000i\000s}{section.5.14}% 274
\BOOKMARK [1][-]{section.5.15}{\376\377\0005\000.\0001\0005\000\040\000D\000o\000k\000u\000m\000e\000n\000t\000\341\000c\000i\000a\000\040\000s\000\372\000b\000o\000r\000u\000\040\000G\000h\000o\000s\000t\000O\000b\000j\000e\000c\000t\000.\000c\000s}{chapter.5}% 275
\BOOKMARK [2][-]{subsection.5.15.1}{\376\377\0005\000.\0001\0005\000.\0001\000\040\000D\000e\000t\000a\000i\000l\000n\000\375\000\040\000p\000o\000p\000i\000s}{section.5.15}% 276
\BOOKMARK [1][-]{section.5.16}{\376\377\0005\000.\0001\0006\000\040\000D\000o\000k\000u\000m\000e\000n\000t\000\341\000c\000i\000a\000\040\000s\000\372\000b\000o\000r\000u\000\040\000M\000o\000v\000e\000m\000e\000n\000t\000O\000b\000j\000e\000c\000t\000.\000c\000s}{chapter.5}% 277
\BOOKMARK [2][-]{subsection.5.16.1}{\376\377\0005\000.\0001\0006\000.\0001\000\040\000D\000e\000t\000a\000i\000l\000n\000\375\000\040\000p\000o\000p\000i\000s}{section.5.16}% 278
\BOOKMARK [1][-]{section.5.17}{\376\377\0005\000.\0001\0007\000\040\000D\000o\000k\000u\000m\000e\000n\000t\000\341\000c\000i\000a\000\040\000s\000\372\000b\000o\000r\000u\000\040\000P\000i\000e\000c\000e\000O\000b\000j\000e\000c\000t\000.\000c\000s}{chapter.5}% 279
\BOOKMARK [2][-]{subsection.5.17.1}{\376\377\0005\000.\0001\0007\000.\0001\000\040\000D\000e\000t\000a\000i\000l\000n\000\375\000\040\000p\000o\000p\000i\000s}{section.5.17}% 280
\BOOKMARK [1][-]{section.5.18}{\376\377\0005\000.\0001\0008\000\040\000D\000o\000k\000u\000m\000e\000n\000t\000\341\000c\000i\000a\000\040\000s\000\372\000b\000o\000r\000u\000\040\000T\000u\000r\000n\000O\000b\000j\000e\000c\000t\000.\000c\000s}{chapter.5}% 281
\BOOKMARK [2][-]{subsection.5.18.1}{\376\377\0005\000.\0001\0008\000.\0001\000\040\000D\000e\000t\000a\000i\000l\000n\000\375\000\040\000p\000o\000p\000i\000s}{section.5.18}% 282
\BOOKMARK [1][-]{section.5.19}{\376\377\0005\000.\0001\0009\000\040\000D\000o\000k\000u\000m\000e\000n\000t\000\341\000c\000i\000a\000\040\000s\000\372\000b\000o\000r\000u\000\040\000P\000r\000o\000m\000o\000t\000i\000o\000n\000C\000o\000n\000t\000r\000o\000l\000l\000e\000r\000.\000c\000s}{chapter.5}% 283
\BOOKMARK [2][-]{subsection.5.19.1}{\376\377\0005\000.\0001\0009\000.\0001\000\040\000D\000e\000t\000a\000i\000l\000n\000\375\000\040\000p\000o\000p\000i\000s}{section.5.19}% 284
\BOOKMARK [0][-]{section*.97}{\376\377\000R\000e\000g\000i\000s\000t\000e\000r}{}% 285
